<?xml version="1.0" encoding="UTF-8"?>
<!-- Generated by org.testng.reporters.JUnitXMLReporter -->
<testsuite ignored="0" hostname="DESKTOP-P6DGSJI" failures="1" tests="1" name="Test" time="17.865" errors="0" timestamp="2023-05-14T13:27:48 GMT-12:00">
  <testcase classname="com.Store.TestCases.TC_1_VerifyRegAndLogin" name="VerifyLogin1" time="3.053">
    <failure type="java.lang.AssertionError" message="expected [true] but found [false]">
      <![CDATA[java.lang.AssertionError: expected [true] but found [false]
at com.Store.TestCases.TC_1_VerifyRegAndLogin.VerifyLogin1(TC_1_VerifyRegAndLogin.java:109)
at java.base/java.util.ArrayList.forEach(ArrayList.java:1511)
... Removed 31 stack frames]]>
    </failure>
  </testcase> <!-- VerifyLogin1 -->
</testsuite> <!-- Test -->
